/*C8*/SET SCHEMA PUBLIC
CONNECT USER SA
SET AUTOCOMMIT FALSE
SET AUTOCOMMIT TRUE
DISCONNECT
/*C9*/SET SCHEMA PUBLIC
CONNECT USER SA
SET AUTOCOMMIT FALSE
SET AUTOCOMMIT TRUE
SET AUTOCOMMIT FALSE
SET AUTOCOMMIT TRUE
DISCONNECT
/*C10*/SET SCHEMA PUBLIC
CONNECT USER SA
SET AUTOCOMMIT FALSE
SET AUTOCOMMIT TRUE
SET AUTOCOMMIT FALSE
SET AUTOCOMMIT TRUE
SET AUTOCOMMIT FALSE
SET AUTOCOMMIT TRUE
SET AUTOCOMMIT FALSE
SET AUTOCOMMIT TRUE
SET AUTOCOMMIT FALSE
SET AUTOCOMMIT TRUE
SET AUTOCOMMIT FALSE
SET AUTOCOMMIT TRUE
SET AUTOCOMMIT FALSE
DELETE FROM BANDANA WHERE BANDANA_ID=262146
INSERT INTO BANDANA VALUES(262146,0,'com.atlassian.upm.log.PluginSettingsAuditLogService:log:upm_audit_log','<list>\u000a  <string>{&quot;username&quot;:&quot;Bamboo&quot;,&quot;date&quot;:1322902210029,&quot;i18nKey&quot;:&quot;upm.auditLog.system.startup&quot;,&quot;params&quot;:[]}</string>\u000a  <string>{&quot;username&quot;:&quot;Bamboo&quot;,&quot;date&quot;:1322859613596,&quot;i18nKey&quot;:&quot;upm.auditLog.system.startup&quot;,&quot;params&quot;:[]}</string>\u000a  <string>{&quot;username&quot;:&quot;Bamboo&quot;,&quot;date&quot;:1322724380076,&quot;i18nKey&quot;:&quot;upm.auditLog.system.startup&quot;,&quot;params&quot;:[]}</string>\u000a</list>')
COMMIT
SET AUTOCOMMIT TRUE
DISCONNECT
/*C11*/SET SCHEMA PUBLIC
CONNECT USER SA
SET AUTOCOMMIT FALSE
/*C12*/SET SCHEMA PUBLIC
CONNECT USER SA
SET AUTOCOMMIT FALSE
/*C11*/SET AUTOCOMMIT TRUE
/*C12*/SET AUTOCOMMIT TRUE
SET AUTOCOMMIT FALSE
SET AUTOCOMMIT TRUE
SET AUTOCOMMIT FALSE
SET AUTOCOMMIT TRUE
SET AUTOCOMMIT FALSE
SET AUTOCOMMIT TRUE
SET AUTOCOMMIT FALSE
SET AUTOCOMMIT TRUE
SET AUTOCOMMIT FALSE
SET AUTOCOMMIT TRUE
SET AUTOCOMMIT FALSE
SET AUTOCOMMIT TRUE
SET AUTOCOMMIT FALSE
SET AUTOCOMMIT TRUE
SET AUTOCOMMIT FALSE
SET AUTOCOMMIT TRUE
SET AUTOCOMMIT FALSE
SET AUTOCOMMIT TRUE
SET AUTOCOMMIT FALSE
SET AUTOCOMMIT TRUE
SET AUTOCOMMIT FALSE
SET AUTOCOMMIT TRUE
SET AUTOCOMMIT FALSE
SET AUTOCOMMIT TRUE
/*C11*/SET AUTOCOMMIT FALSE
SET AUTOCOMMIT TRUE
SET AUTOCOMMIT FALSE
/*C12*/SET AUTOCOMMIT FALSE
SET AUTOCOMMIT TRUE
SET AUTOCOMMIT FALSE
SET AUTOCOMMIT TRUE
SET AUTOCOMMIT FALSE
/*C11*/SET AUTOCOMMIT TRUE
SET AUTOCOMMIT FALSE
/*C12*/SET AUTOCOMMIT TRUE
/*C11*/SET AUTOCOMMIT TRUE
SET AUTOCOMMIT FALSE
SET AUTOCOMMIT TRUE
SET AUTOCOMMIT FALSE
SET AUTOCOMMIT TRUE
DISCONNECT
/*C12*/DISCONNECT
/*C13*/SET SCHEMA PUBLIC
CONNECT USER SA
SET AUTOCOMMIT FALSE
SET AUTOCOMMIT TRUE
SET AUTOCOMMIT FALSE
SET AUTOCOMMIT TRUE
SET AUTOCOMMIT FALSE
SET AUTOCOMMIT TRUE
SET AUTOCOMMIT FALSE
SET AUTOCOMMIT TRUE
DISCONNECT
/*C14*/SET SCHEMA PUBLIC
CONNECT USER SA
SET AUTOCOMMIT FALSE
SET AUTOCOMMIT TRUE
/*C15*/SET SCHEMA PUBLIC
CONNECT USER SA
SET AUTOCOMMIT FALSE
SET AUTOCOMMIT TRUE
SET AUTOCOMMIT FALSE
SET AUTOCOMMIT TRUE
SET AUTOCOMMIT FALSE
SET AUTOCOMMIT TRUE
DISCONNECT
/*C14*/DISCONNECT
/*C16*/SET SCHEMA PUBLIC
CONNECT USER SA
SET AUTOCOMMIT FALSE
SET AUTOCOMMIT TRUE
SET AUTOCOMMIT FALSE
SET AUTOCOMMIT TRUE
DISCONNECT
/*C17*/SET SCHEMA PUBLIC
CONNECT USER SA
SET AUTOCOMMIT FALSE
SET AUTOCOMMIT TRUE
SET AUTOCOMMIT FALSE
SET AUTOCOMMIT TRUE
/*C18*/SET SCHEMA PUBLIC
CONNECT USER SA
SET AUTOCOMMIT FALSE
SET AUTOCOMMIT TRUE
SET AUTOCOMMIT FALSE
SET AUTOCOMMIT TRUE
SET AUTOCOMMIT FALSE
SET AUTOCOMMIT TRUE
SET AUTOCOMMIT FALSE
SET AUTOCOMMIT TRUE
DISCONNECT
/*C17*/DISCONNECT
/*C19*/SET SCHEMA PUBLIC
CONNECT USER SA
SET AUTOCOMMIT FALSE
SET AUTOCOMMIT TRUE
SET AUTOCOMMIT FALSE
SET AUTOCOMMIT TRUE
DISCONNECT
/*C20*/SET SCHEMA PUBLIC
CONNECT USER SA
SET AUTOCOMMIT FALSE
SET AUTOCOMMIT TRUE
SET AUTOCOMMIT FALSE
SET AUTOCOMMIT TRUE
SET AUTOCOMMIT FALSE
SET AUTOCOMMIT TRUE
SET AUTOCOMMIT FALSE
SET AUTOCOMMIT TRUE
SET AUTOCOMMIT FALSE
SET AUTOCOMMIT TRUE
SET AUTOCOMMIT FALSE
SET AUTOCOMMIT TRUE
DISCONNECT
/*C21*/SET SCHEMA PUBLIC
CONNECT USER SA
SET AUTOCOMMIT FALSE
SET AUTOCOMMIT TRUE
/*C22*/SET SCHEMA PUBLIC
CONNECT USER SA
SET AUTOCOMMIT FALSE
SET AUTOCOMMIT TRUE
DISCONNECT
/*C21*/DISCONNECT
/*C23*/SET SCHEMA PUBLIC
CONNECT USER SA
SET AUTOCOMMIT FALSE
/*C24*/SET SCHEMA PUBLIC
CONNECT USER SA
/*C23*/SET AUTOCOMMIT TRUE
/*C25*/SET SCHEMA PUBLIC
CONNECT USER SA
/*C23*/SET AUTOCOMMIT FALSE
/*C24*/SET AUTOCOMMIT FALSE
/*C23*/SET AUTOCOMMIT TRUE
/*C24*/SET AUTOCOMMIT TRUE
/*C23*/SET AUTOCOMMIT FALSE
SET AUTOCOMMIT TRUE
/*C25*/SET AUTOCOMMIT FALSE
SET AUTOCOMMIT TRUE
/*C26*/SET SCHEMA PUBLIC
CONNECT USER SA
SET AUTOCOMMIT FALSE
SET AUTOCOMMIT TRUE
DISCONNECT
/*C25*/DISCONNECT
/*C24*/DISCONNECT
/*C23*/DISCONNECT
/*C27*/SET SCHEMA PUBLIC
CONNECT USER SA
SET AUTOCOMMIT FALSE
SET AUTOCOMMIT TRUE
/*C28*/SET SCHEMA PUBLIC
CONNECT USER SA
SET AUTOCOMMIT FALSE
SET AUTOCOMMIT TRUE
DISCONNECT
/*C27*/DISCONNECT
/*C29*/SET SCHEMA PUBLIC
CONNECT USER SA
SET AUTOCOMMIT FALSE
SET AUTOCOMMIT TRUE
SET AUTOCOMMIT FALSE
/*C30*/SET SCHEMA PUBLIC
CONNECT USER SA
SET AUTOCOMMIT FALSE
/*C29*/SET AUTOCOMMIT TRUE
/*C30*/SET AUTOCOMMIT TRUE
SET AUTOCOMMIT FALSE
SET AUTOCOMMIT TRUE
SET AUTOCOMMIT FALSE
SET AUTOCOMMIT TRUE
/*C29*/SET AUTOCOMMIT FALSE
SET AUTOCOMMIT TRUE
DISCONNECT
/*C30*/DISCONNECT
/*C31*/SET SCHEMA PUBLIC
CONNECT USER SA
SET AUTOCOMMIT FALSE
SET AUTOCOMMIT TRUE
SET AUTOCOMMIT FALSE
SET AUTOCOMMIT TRUE
DISCONNECT
/*C32*/SET SCHEMA PUBLIC
CONNECT USER SA
SET AUTOCOMMIT FALSE
SET AUTOCOMMIT TRUE
/*C33*/SET SCHEMA PUBLIC
CONNECT USER SA
/*C32*/SET AUTOCOMMIT FALSE
SET AUTOCOMMIT TRUE
SET AUTOCOMMIT FALSE
SET AUTOCOMMIT TRUE
SET AUTOCOMMIT FALSE
/*C33*/SET AUTOCOMMIT FALSE
/*C32*/SET AUTOCOMMIT TRUE
/*C33*/SET AUTOCOMMIT TRUE
/*C34*/SET SCHEMA PUBLIC
CONNECT USER SA
/*C32*/SET AUTOCOMMIT FALSE
SET AUTOCOMMIT TRUE
DISCONNECT
/*C33*/DISCONNECT
/*C34*/DISCONNECT
/*C35*/SET SCHEMA PUBLIC
CONNECT USER SA
SET AUTOCOMMIT FALSE
SET AUTOCOMMIT TRUE
/*C36*/SET SCHEMA PUBLIC
CONNECT USER SA
SET AUTOCOMMIT FALSE
SET AUTOCOMMIT TRUE
DISCONNECT
/*C35*/DISCONNECT
/*C37*/SET SCHEMA PUBLIC
CONNECT USER SA
SET AUTOCOMMIT FALSE
SET AUTOCOMMIT TRUE
SET AUTOCOMMIT FALSE
SET AUTOCOMMIT TRUE
SET AUTOCOMMIT FALSE
SET AUTOCOMMIT TRUE
SET AUTOCOMMIT FALSE
SET AUTOCOMMIT TRUE
SET AUTOCOMMIT FALSE
SET AUTOCOMMIT TRUE
SET AUTOCOMMIT FALSE
/*C38*/SET SCHEMA PUBLIC
CONNECT USER SA
/*C37*/SET AUTOCOMMIT TRUE
DISCONNECT
/*C38*/DISCONNECT
/*C39*/SET SCHEMA PUBLIC
CONNECT USER SA
SET AUTOCOMMIT FALSE
SET AUTOCOMMIT TRUE
/*C40*/SET SCHEMA PUBLIC
CONNECT USER SA
SET AUTOCOMMIT FALSE
SET AUTOCOMMIT TRUE
DISCONNECT
/*C39*/DISCONNECT
/*C41*/SET SCHEMA PUBLIC
CONNECT USER SA
/*C42*/SET SCHEMA PUBLIC
CONNECT USER SA
/*C41*/SET AUTOCOMMIT FALSE
/*C42*/SET AUTOCOMMIT FALSE
SET AUTOCOMMIT TRUE
/*C43*/SET SCHEMA PUBLIC
CONNECT USER SA
/*C41*/SET AUTOCOMMIT TRUE
/*C42*/SET AUTOCOMMIT FALSE
SET AUTOCOMMIT TRUE
/*C43*/SET AUTOCOMMIT FALSE
SET AUTOCOMMIT TRUE
/*C42*/SET AUTOCOMMIT FALSE
SET AUTOCOMMIT TRUE
/*C41*/SET AUTOCOMMIT FALSE
SET AUTOCOMMIT TRUE
DISCONNECT
/*C42*/DISCONNECT
/*C43*/DISCONNECT
/*C44*/SET SCHEMA PUBLIC
CONNECT USER SA
SET AUTOCOMMIT FALSE
SET AUTOCOMMIT TRUE
SET AUTOCOMMIT FALSE
SET AUTOCOMMIT TRUE
DISCONNECT
/*C45*/SET SCHEMA PUBLIC
CONNECT USER SA
SET AUTOCOMMIT FALSE
SET AUTOCOMMIT TRUE
SET AUTOCOMMIT FALSE
SET AUTOCOMMIT TRUE
SET AUTOCOMMIT FALSE
SET AUTOCOMMIT TRUE
/*C46*/SET SCHEMA PUBLIC
CONNECT USER SA
SET AUTOCOMMIT FALSE
SET AUTOCOMMIT TRUE
/*C45*/SET AUTOCOMMIT FALSE
SET AUTOCOMMIT TRUE
/*C47*/SET SCHEMA PUBLIC
CONNECT USER SA
SET AUTOCOMMIT FALSE
SET AUTOCOMMIT TRUE
DISCONNECT
/*C45*/DISCONNECT
/*C46*/DISCONNECT
/*C48*/SET SCHEMA PUBLIC
CONNECT USER SA
SET AUTOCOMMIT FALSE
SET AUTOCOMMIT TRUE
/*C49*/SET SCHEMA PUBLIC
CONNECT USER SA
SET AUTOCOMMIT FALSE
SET AUTOCOMMIT TRUE
DISCONNECT
/*C48*/DISCONNECT
/*C50*/SET SCHEMA PUBLIC
CONNECT USER SA
/*C51*/SET SCHEMA PUBLIC
CONNECT USER SA
/*C50*/SET AUTOCOMMIT FALSE
/*C51*/SET AUTOCOMMIT FALSE
SET AUTOCOMMIT TRUE
/*C50*/SET AUTOCOMMIT TRUE
/*C52*/SET SCHEMA PUBLIC
CONNECT USER SA
/*C53*/SET SCHEMA PUBLIC
CONNECT USER SA
SET AUTOCOMMIT FALSE
/*C52*/SET AUTOCOMMIT FALSE
SET AUTOCOMMIT TRUE
SET AUTOCOMMIT FALSE
SET AUTOCOMMIT TRUE
SET AUTOCOMMIT FALSE
SET AUTOCOMMIT TRUE
/*C53*/SET AUTOCOMMIT TRUE
DISCONNECT
/*C52*/DISCONNECT
/*C50*/DISCONNECT
/*C51*/DISCONNECT
/*C54*/SET SCHEMA PUBLIC
CONNECT USER SA
SET AUTOCOMMIT FALSE
SET AUTOCOMMIT TRUE
SET AUTOCOMMIT FALSE
SET AUTOCOMMIT TRUE
DISCONNECT
/*C55*/SET SCHEMA PUBLIC
CONNECT USER SA
SET AUTOCOMMIT FALSE
SET AUTOCOMMIT TRUE
SET AUTOCOMMIT FALSE
SET AUTOCOMMIT TRUE
/*C56*/SET SCHEMA PUBLIC
CONNECT USER SA
SET AUTOCOMMIT FALSE
SET AUTOCOMMIT TRUE
/*C55*/SET AUTOCOMMIT FALSE
SET AUTOCOMMIT TRUE
/*C56*/SET AUTOCOMMIT FALSE
SET AUTOCOMMIT TRUE
/*C57*/SET SCHEMA PUBLIC
CONNECT USER SA
SET AUTOCOMMIT FALSE
SET AUTOCOMMIT TRUE
DISCONNECT
/*C56*/DISCONNECT
/*C55*/DISCONNECT
/*C58*/SET SCHEMA PUBLIC
CONNECT USER SA
SET AUTOCOMMIT FALSE
SET AUTOCOMMIT TRUE
SET AUTOCOMMIT FALSE
SET AUTOCOMMIT TRUE
DISCONNECT
/*C59*/SET SCHEMA PUBLIC
CONNECT USER SA
/*C60*/SET SCHEMA PUBLIC
CONNECT USER SA
SET AUTOCOMMIT FALSE
SET AUTOCOMMIT TRUE
/*C59*/SET AUTOCOMMIT FALSE
/*C60*/SET AUTOCOMMIT FALSE
SET AUTOCOMMIT TRUE
/*C59*/SET AUTOCOMMIT TRUE
/*C61*/SET SCHEMA PUBLIC
CONNECT USER SA
/*C59*/SET AUTOCOMMIT FALSE
SET AUTOCOMMIT TRUE
/*C61*/SET AUTOCOMMIT FALSE
SET AUTOCOMMIT TRUE
SET AUTOCOMMIT FALSE
SET AUTOCOMMIT TRUE
DISCONNECT
/*C59*/DISCONNECT
/*C60*/DISCONNECT
/*C62*/SET SCHEMA PUBLIC
CONNECT USER SA
SET AUTOCOMMIT FALSE
SET AUTOCOMMIT TRUE
SET AUTOCOMMIT FALSE
SET AUTOCOMMIT TRUE
DISCONNECT
/*C63*/SET SCHEMA PUBLIC
CONNECT USER SA
SET AUTOCOMMIT FALSE
SET AUTOCOMMIT TRUE
/*C64*/SET SCHEMA PUBLIC
CONNECT USER SA
/*C63*/SET AUTOCOMMIT FALSE
/*C64*/SET AUTOCOMMIT FALSE
SET AUTOCOMMIT TRUE
/*C63*/SET AUTOCOMMIT TRUE
SET AUTOCOMMIT FALSE
SET AUTOCOMMIT TRUE
/*C64*/SET AUTOCOMMIT FALSE
SET AUTOCOMMIT TRUE
/*C65*/SET SCHEMA PUBLIC
CONNECT USER SA
SET AUTOCOMMIT FALSE
SET AUTOCOMMIT TRUE
DISCONNECT
/*C64*/DISCONNECT
/*C63*/DISCONNECT
/*C66*/SET SCHEMA PUBLIC
CONNECT USER SA
SET AUTOCOMMIT FALSE
SET AUTOCOMMIT TRUE
SET AUTOCOMMIT FALSE
SET AUTOCOMMIT TRUE
DISCONNECT
/*C67*/SET SCHEMA PUBLIC
CONNECT USER SA
SET AUTOCOMMIT FALSE
SET AUTOCOMMIT TRUE
SET AUTOCOMMIT FALSE
SET AUTOCOMMIT TRUE
SET AUTOCOMMIT FALSE
SET AUTOCOMMIT TRUE
SET AUTOCOMMIT FALSE
SET AUTOCOMMIT TRUE
SET AUTOCOMMIT FALSE
/*C68*/SET SCHEMA PUBLIC
CONNECT USER SA
/*C67*/SET AUTOCOMMIT TRUE
SET AUTOCOMMIT FALSE
SET AUTOCOMMIT TRUE
DISCONNECT
/*C68*/DISCONNECT
/*C69*/SET SCHEMA PUBLIC
CONNECT USER SA
SET AUTOCOMMIT FALSE
SET AUTOCOMMIT TRUE
SET AUTOCOMMIT FALSE
SET AUTOCOMMIT TRUE
DISCONNECT
/*C70*/SET SCHEMA PUBLIC
CONNECT USER SA
SET AUTOCOMMIT FALSE
SET AUTOCOMMIT TRUE
/*C71*/SET SCHEMA PUBLIC
CONNECT USER SA
SET AUTOCOMMIT FALSE
SET AUTOCOMMIT TRUE
SET AUTOCOMMIT FALSE
SET AUTOCOMMIT TRUE
/*C70*/SET AUTOCOMMIT FALSE
SET AUTOCOMMIT TRUE
/*C72*/SET SCHEMA PUBLIC
CONNECT USER SA
SET AUTOCOMMIT FALSE
SET AUTOCOMMIT TRUE
/*C70*/SET AUTOCOMMIT FALSE
SET AUTOCOMMIT TRUE
DISCONNECT
/*C72*/DISCONNECT
/*C71*/DISCONNECT
/*C73*/SET SCHEMA PUBLIC
CONNECT USER SA
SET AUTOCOMMIT FALSE
SET AUTOCOMMIT TRUE
/*C74*/SET SCHEMA PUBLIC
CONNECT USER SA
/*C73*/SET AUTOCOMMIT FALSE
SET AUTOCOMMIT TRUE
DISCONNECT
/*C74*/DISCONNECT
/*C75*/SET SCHEMA PUBLIC
CONNECT USER SA
SET AUTOCOMMIT FALSE
SET AUTOCOMMIT TRUE
SET AUTOCOMMIT FALSE
SET AUTOCOMMIT TRUE
SET AUTOCOMMIT FALSE
SET AUTOCOMMIT TRUE
SET AUTOCOMMIT FALSE
SET AUTOCOMMIT TRUE
SET AUTOCOMMIT FALSE
SET AUTOCOMMIT TRUE
/*C76*/SET SCHEMA PUBLIC
CONNECT USER SA
SET AUTOCOMMIT FALSE
SET AUTOCOMMIT TRUE
DISCONNECT
/*C75*/DISCONNECT
/*C77*/SET SCHEMA PUBLIC
CONNECT USER SA
SET AUTOCOMMIT FALSE
SET AUTOCOMMIT TRUE
SET AUTOCOMMIT FALSE
SET AUTOCOMMIT TRUE
DISCONNECT
/*C78*/SET SCHEMA PUBLIC
CONNECT USER SA
SET AUTOCOMMIT FALSE
SET AUTOCOMMIT TRUE
SET AUTOCOMMIT FALSE
SET AUTOCOMMIT TRUE
SET AUTOCOMMIT FALSE
/*C79*/SET SCHEMA PUBLIC
CONNECT USER SA
/*C78*/SET AUTOCOMMIT TRUE
/*C79*/SET AUTOCOMMIT FALSE
SET AUTOCOMMIT TRUE
/*C80*/SET SCHEMA PUBLIC
CONNECT USER SA
SET AUTOCOMMIT FALSE
SET AUTOCOMMIT TRUE
/*C79*/SET AUTOCOMMIT FALSE
SET AUTOCOMMIT TRUE
DISCONNECT
/*C80*/DISCONNECT
/*C78*/DISCONNECT
/*C81*/SET SCHEMA PUBLIC
CONNECT USER SA
SET AUTOCOMMIT FALSE
SET AUTOCOMMIT TRUE
SET AUTOCOMMIT FALSE
SET AUTOCOMMIT TRUE
DISCONNECT
/*C82*/SET SCHEMA PUBLIC
CONNECT USER SA
SET AUTOCOMMIT FALSE
SET AUTOCOMMIT TRUE
SET AUTOCOMMIT FALSE
SET AUTOCOMMIT TRUE
/*C83*/SET SCHEMA PUBLIC
CONNECT USER SA
SET AUTOCOMMIT FALSE
SET AUTOCOMMIT TRUE
/*C82*/SET AUTOCOMMIT FALSE
SET AUTOCOMMIT TRUE
SET AUTOCOMMIT FALSE
SET AUTOCOMMIT TRUE
SET AUTOCOMMIT FALSE
SET AUTOCOMMIT TRUE
DISCONNECT
/*C83*/DISCONNECT
/*C84*/SET SCHEMA PUBLIC
CONNECT USER SA
SET AUTOCOMMIT FALSE
SET AUTOCOMMIT TRUE
SET AUTOCOMMIT FALSE
SET AUTOCOMMIT TRUE
DISCONNECT
/*C85*/SET SCHEMA PUBLIC
CONNECT USER SA
SET AUTOCOMMIT FALSE
SET AUTOCOMMIT TRUE
SET AUTOCOMMIT FALSE
/*C86*/SET SCHEMA PUBLIC
CONNECT USER SA
/*C85*/SET AUTOCOMMIT TRUE
SET AUTOCOMMIT FALSE
SET AUTOCOMMIT TRUE
SET AUTOCOMMIT FALSE
SET AUTOCOMMIT TRUE
/*C86*/SET AUTOCOMMIT FALSE
SET AUTOCOMMIT TRUE
SET AUTOCOMMIT FALSE
SET AUTOCOMMIT TRUE
DISCONNECT
/*C85*/DISCONNECT
/*C87*/SET SCHEMA PUBLIC
CONNECT USER SA
SET AUTOCOMMIT FALSE
SET AUTOCOMMIT TRUE
/*C88*/SET SCHEMA PUBLIC
CONNECT USER SA
SET AUTOCOMMIT FALSE
SET AUTOCOMMIT TRUE
DISCONNECT
/*C87*/DISCONNECT
/*C89*/SET SCHEMA PUBLIC
CONNECT USER SA
SET AUTOCOMMIT FALSE
SET AUTOCOMMIT TRUE
SET AUTOCOMMIT FALSE
SET AUTOCOMMIT TRUE
SET AUTOCOMMIT FALSE
SET AUTOCOMMIT TRUE
SET AUTOCOMMIT FALSE
SET AUTOCOMMIT TRUE
SET AUTOCOMMIT FALSE
SET AUTOCOMMIT TRUE
SET AUTOCOMMIT FALSE
SET AUTOCOMMIT TRUE
DISCONNECT
/*C90*/SET SCHEMA PUBLIC
CONNECT USER SA
SET AUTOCOMMIT FALSE
SET AUTOCOMMIT TRUE
SET AUTOCOMMIT FALSE
SET AUTOCOMMIT TRUE
DISCONNECT
/*C91*/SET SCHEMA PUBLIC
CONNECT USER SA
SET AUTOCOMMIT FALSE
/*C92*/SET SCHEMA PUBLIC
CONNECT USER SA
/*C91*/SET AUTOCOMMIT TRUE
/*C92*/SET AUTOCOMMIT FALSE
SET AUTOCOMMIT TRUE
/*C93*/SET SCHEMA PUBLIC
CONNECT USER SA
/*C91*/SET AUTOCOMMIT FALSE
SET AUTOCOMMIT TRUE
/*C92*/SET AUTOCOMMIT FALSE
SET AUTOCOMMIT TRUE
/*C93*/SET AUTOCOMMIT FALSE
SET AUTOCOMMIT TRUE
/*C94*/SET SCHEMA PUBLIC
CONNECT USER SA
SET AUTOCOMMIT FALSE
SET AUTOCOMMIT TRUE
DISCONNECT
/*C93*/DISCONNECT
/*C91*/DISCONNECT
/*C92*/DISCONNECT
/*C95*/SET SCHEMA PUBLIC
CONNECT USER SA
SET AUTOCOMMIT FALSE
SET AUTOCOMMIT TRUE
SET AUTOCOMMIT FALSE
SET AUTOCOMMIT TRUE
DISCONNECT
/*C96*/SET SCHEMA PUBLIC
CONNECT USER SA
SET AUTOCOMMIT FALSE
SET AUTOCOMMIT TRUE
SET AUTOCOMMIT FALSE
SET AUTOCOMMIT TRUE
SET AUTOCOMMIT FALSE
SET AUTOCOMMIT TRUE
/*C97*/SET SCHEMA PUBLIC
CONNECT USER SA
SET AUTOCOMMIT FALSE
SET AUTOCOMMIT TRUE
SET AUTOCOMMIT FALSE
SET AUTOCOMMIT TRUE
/*C96*/SET AUTOCOMMIT FALSE
SET AUTOCOMMIT TRUE
DISCONNECT
/*C97*/DISCONNECT
/*C98*/SET SCHEMA PUBLIC
CONNECT USER SA
SET AUTOCOMMIT FALSE
SET AUTOCOMMIT TRUE
SET AUTOCOMMIT FALSE
/*C99*/SET SCHEMA PUBLIC
CONNECT USER SA
/*C98*/SET AUTOCOMMIT TRUE
DISCONNECT
/*C99*/DISCONNECT
/*C100*/SET SCHEMA PUBLIC
CONNECT USER SA
SET AUTOCOMMIT FALSE
SET AUTOCOMMIT TRUE
SET AUTOCOMMIT FALSE
/*C101*/SET SCHEMA PUBLIC
CONNECT USER SA
/*C100*/SET AUTOCOMMIT TRUE
/*C101*/SET AUTOCOMMIT FALSE
SET AUTOCOMMIT TRUE
SET AUTOCOMMIT FALSE
SET AUTOCOMMIT TRUE
SET AUTOCOMMIT FALSE
SET AUTOCOMMIT TRUE
SET AUTOCOMMIT FALSE
SET AUTOCOMMIT TRUE
DISCONNECT
/*C100*/DISCONNECT
/*C102*/SET SCHEMA PUBLIC
CONNECT USER SA
SET AUTOCOMMIT FALSE
SET AUTOCOMMIT TRUE
SET AUTOCOMMIT FALSE
SET AUTOCOMMIT TRUE
DISCONNECT
/*C103*/SET SCHEMA PUBLIC
CONNECT USER SA
SET AUTOCOMMIT FALSE
SET AUTOCOMMIT TRUE
/*C104*/SET SCHEMA PUBLIC
CONNECT USER SA
/*C105*/SET SCHEMA PUBLIC
CONNECT USER SA
SET AUTOCOMMIT FALSE
SET AUTOCOMMIT TRUE
/*C104*/SET AUTOCOMMIT FALSE
SET AUTOCOMMIT TRUE
SET AUTOCOMMIT FALSE
SET AUTOCOMMIT TRUE
/*C105*/SET AUTOCOMMIT FALSE
SET AUTOCOMMIT TRUE
/*C103*/SET AUTOCOMMIT FALSE
SET AUTOCOMMIT TRUE
DISCONNECT
/*C105*/DISCONNECT
/*C104*/DISCONNECT
/*C106*/SET SCHEMA PUBLIC
CONNECT USER SA
SET AUTOCOMMIT FALSE
SET AUTOCOMMIT TRUE
SET AUTOCOMMIT FALSE
SET AUTOCOMMIT TRUE
DISCONNECT
/*C107*/SET SCHEMA PUBLIC
CONNECT USER SA
/*C108*/SET SCHEMA PUBLIC
CONNECT USER SA
/*C107*/SET AUTOCOMMIT FALSE
SET AUTOCOMMIT TRUE
SET AUTOCOMMIT FALSE
SET AUTOCOMMIT TRUE
SET AUTOCOMMIT FALSE
SET AUTOCOMMIT TRUE
SET AUTOCOMMIT FALSE
SET AUTOCOMMIT TRUE
SET AUTOCOMMIT FALSE
SET AUTOCOMMIT TRUE
SET AUTOCOMMIT FALSE
SET AUTOCOMMIT TRUE
DISCONNECT
/*C108*/DISCONNECT
/*C109*/SET SCHEMA PUBLIC
CONNECT USER SA
SET AUTOCOMMIT FALSE
SET AUTOCOMMIT TRUE
SET AUTOCOMMIT FALSE
SET AUTOCOMMIT TRUE
DISCONNECT
/*C110*/SET SCHEMA PUBLIC
CONNECT USER SA
SET AUTOCOMMIT FALSE
SET AUTOCOMMIT TRUE
SET AUTOCOMMIT FALSE
SET AUTOCOMMIT TRUE
SET AUTOCOMMIT FALSE
SET AUTOCOMMIT TRUE
SET AUTOCOMMIT FALSE
SET AUTOCOMMIT TRUE
/*C111*/SET SCHEMA PUBLIC
CONNECT USER SA
/*C112*/SET SCHEMA PUBLIC
CONNECT USER SA
SET AUTOCOMMIT FALSE
SET AUTOCOMMIT TRUE
/*C110*/SET AUTOCOMMIT FALSE
SET AUTOCOMMIT TRUE
DISCONNECT
/*C112*/DISCONNECT
/*C111*/DISCONNECT
/*C113*/SET SCHEMA PUBLIC
CONNECT USER SA
SET AUTOCOMMIT FALSE
SET AUTOCOMMIT TRUE
SET AUTOCOMMIT FALSE
SET AUTOCOMMIT TRUE
DISCONNECT
/*C114*/SET SCHEMA PUBLIC
CONNECT USER SA
SET AUTOCOMMIT FALSE
SET AUTOCOMMIT TRUE
/*C115*/SET SCHEMA PUBLIC
CONNECT USER SA
/*C116*/SET SCHEMA PUBLIC
CONNECT USER SA
/*C114*/SET AUTOCOMMIT FALSE
SET AUTOCOMMIT TRUE
SET AUTOCOMMIT FALSE
/*C115*/SET AUTOCOMMIT FALSE
/*C114*/SET AUTOCOMMIT TRUE
/*C116*/SET AUTOCOMMIT FALSE
SET AUTOCOMMIT TRUE
/*C115*/SET AUTOCOMMIT TRUE
/*C114*/SET AUTOCOMMIT FALSE
/*C117*/SET SCHEMA PUBLIC
CONNECT USER SA
/*C114*/SET AUTOCOMMIT TRUE
DISCONNECT
/*C115*/DISCONNECT
/*C117*/DISCONNECT
/*C116*/DISCONNECT
/*C118*/SET SCHEMA PUBLIC
CONNECT USER SA
SET AUTOCOMMIT FALSE
SET AUTOCOMMIT TRUE
/*C119*/SET SCHEMA PUBLIC
CONNECT USER SA
SET AUTOCOMMIT FALSE
SET AUTOCOMMIT TRUE
DISCONNECT
/*C118*/DISCONNECT
/*C120*/SET SCHEMA PUBLIC
CONNECT USER SA
SET AUTOCOMMIT FALSE
SET AUTOCOMMIT TRUE
SET AUTOCOMMIT FALSE
SET AUTOCOMMIT TRUE
SET AUTOCOMMIT FALSE
SET AUTOCOMMIT TRUE
/*C121*/SET SCHEMA PUBLIC
CONNECT USER SA
SET AUTOCOMMIT FALSE
SET AUTOCOMMIT TRUE
SET AUTOCOMMIT FALSE
SET AUTOCOMMIT TRUE
SET AUTOCOMMIT FALSE
SET AUTOCOMMIT TRUE
DISCONNECT
/*C120*/DISCONNECT
/*C122*/SET SCHEMA PUBLIC
CONNECT USER SA
SET AUTOCOMMIT FALSE
SET AUTOCOMMIT TRUE
SET AUTOCOMMIT FALSE
SET AUTOCOMMIT TRUE
DISCONNECT
/*C123*/SET SCHEMA PUBLIC
CONNECT USER SA
SET AUTOCOMMIT FALSE
SET AUTOCOMMIT TRUE
SET AUTOCOMMIT FALSE
SET AUTOCOMMIT TRUE
SET AUTOCOMMIT FALSE
SET AUTOCOMMIT TRUE
/*C124*/SET SCHEMA PUBLIC
CONNECT USER SA
SET AUTOCOMMIT FALSE
SET AUTOCOMMIT TRUE
SET AUTOCOMMIT FALSE
SET AUTOCOMMIT TRUE
SET AUTOCOMMIT FALSE
SET AUTOCOMMIT TRUE
DISCONNECT
/*C123*/DISCONNECT
/*C125*/SET SCHEMA PUBLIC
CONNECT USER SA
SET AUTOCOMMIT FALSE
SET AUTOCOMMIT TRUE
/*C126*/SET SCHEMA PUBLIC
CONNECT USER SA
SET AUTOCOMMIT FALSE
SET AUTOCOMMIT TRUE
DISCONNECT
/*C125*/DISCONNECT
/*C127*/SET SCHEMA PUBLIC
CONNECT USER SA
SET AUTOCOMMIT FALSE
SET AUTOCOMMIT TRUE
SET AUTOCOMMIT FALSE
SET AUTOCOMMIT TRUE
SET AUTOCOMMIT FALSE
/*C128*/SET SCHEMA PUBLIC
CONNECT USER SA
/*C127*/SET AUTOCOMMIT TRUE
SET AUTOCOMMIT FALSE
SET AUTOCOMMIT TRUE
SET AUTOCOMMIT FALSE
SET AUTOCOMMIT TRUE
SET AUTOCOMMIT FALSE
SET AUTOCOMMIT TRUE
DISCONNECT
/*C128*/DISCONNECT
/*C129*/SET SCHEMA PUBLIC
CONNECT USER SA
SET AUTOCOMMIT FALSE
SET AUTOCOMMIT TRUE
SET AUTOCOMMIT FALSE
SET AUTOCOMMIT TRUE
DISCONNECT
/*C130*/SET SCHEMA PUBLIC
CONNECT USER SA
/*C131*/SET SCHEMA PUBLIC
CONNECT USER SA
SET AUTOCOMMIT FALSE
SET AUTOCOMMIT TRUE
/*C130*/SET AUTOCOMMIT FALSE
SET AUTOCOMMIT TRUE
/*C132*/SET SCHEMA PUBLIC
CONNECT USER SA
/*C133*/SET SCHEMA PUBLIC
CONNECT USER SA
SET AUTOCOMMIT FALSE
/*C130*/SET AUTOCOMMIT FALSE
SET AUTOCOMMIT TRUE
/*C133*/SET AUTOCOMMIT TRUE
SET AUTOCOMMIT FALSE
SET AUTOCOMMIT TRUE
SET AUTOCOMMIT FALSE
SET AUTOCOMMIT TRUE
DISCONNECT
/*C130*/DISCONNECT
/*C132*/DISCONNECT
/*C131*/DISCONNECT
/*C134*/SET SCHEMA PUBLIC
CONNECT USER SA
SET AUTOCOMMIT FALSE
SET AUTOCOMMIT TRUE
SET AUTOCOMMIT FALSE
SET AUTOCOMMIT TRUE
DISCONNECT
/*C135*/SET SCHEMA PUBLIC
CONNECT USER SA
SET AUTOCOMMIT FALSE
SET AUTOCOMMIT TRUE
SET AUTOCOMMIT FALSE
SET AUTOCOMMIT TRUE
SET AUTOCOMMIT FALSE
SET AUTOCOMMIT TRUE
/*C136*/SET SCHEMA PUBLIC
CONNECT USER SA
SET AUTOCOMMIT FALSE
SET AUTOCOMMIT TRUE
SET AUTOCOMMIT FALSE
SET AUTOCOMMIT TRUE
SET AUTOCOMMIT FALSE
SET AUTOCOMMIT TRUE
DISCONNECT
/*C135*/DISCONNECT
/*C137*/SET SCHEMA PUBLIC
CONNECT USER SA
SET AUTOCOMMIT FALSE
SET AUTOCOMMIT TRUE
SET AUTOCOMMIT FALSE
SET AUTOCOMMIT TRUE
DISCONNECT
/*C138*/SET SCHEMA PUBLIC
CONNECT USER SA
/*C139*/SET SCHEMA PUBLIC
CONNECT USER SA
/*C138*/SET AUTOCOMMIT FALSE
SET AUTOCOMMIT TRUE
SET AUTOCOMMIT FALSE
SET AUTOCOMMIT TRUE
/*C139*/SET AUTOCOMMIT FALSE
SET AUTOCOMMIT TRUE
SET AUTOCOMMIT FALSE
/*C138*/SET AUTOCOMMIT FALSE
SET AUTOCOMMIT TRUE
/*C139*/SET AUTOCOMMIT TRUE
SET AUTOCOMMIT FALSE
/*C140*/SET SCHEMA PUBLIC
CONNECT USER SA
/*C139*/SET AUTOCOMMIT TRUE
DISCONNECT
/*C140*/DISCONNECT
/*C138*/DISCONNECT
/*C141*/SET SCHEMA PUBLIC
CONNECT USER SA
SET AUTOCOMMIT FALSE
SET AUTOCOMMIT TRUE
SET AUTOCOMMIT FALSE
SET AUTOCOMMIT TRUE
DISCONNECT
/*C142*/SET SCHEMA PUBLIC
CONNECT USER SA
SET AUTOCOMMIT FALSE
SET AUTOCOMMIT TRUE
/*C143*/SET SCHEMA PUBLIC
CONNECT USER SA
SET AUTOCOMMIT FALSE
SET AUTOCOMMIT TRUE
/*C142*/SET AUTOCOMMIT FALSE
/*C144*/SET SCHEMA PUBLIC
CONNECT USER SA
/*C142*/SET AUTOCOMMIT TRUE
/*C144*/SET AUTOCOMMIT FALSE
SET AUTOCOMMIT TRUE
/*C145*/SET SCHEMA PUBLIC
CONNECT USER SA
/*C146*/SET SCHEMA PUBLIC
CONNECT USER SA
SET AUTOCOMMIT FALSE
/*C145*/SET AUTOCOMMIT FALSE
/*C146*/SET AUTOCOMMIT TRUE
/*C145*/SET AUTOCOMMIT TRUE
DISCONNECT
/*C146*/DISCONNECT
/*C144*/DISCONNECT
/*C143*/DISCONNECT
/*C142*/DISCONNECT
/*C147*/SET SCHEMA PUBLIC
CONNECT USER SA
SET AUTOCOMMIT FALSE
SET AUTOCOMMIT TRUE
SET AUTOCOMMIT FALSE
SET AUTOCOMMIT TRUE
DISCONNECT
/*C148*/SET SCHEMA PUBLIC
CONNECT USER SA
SET AUTOCOMMIT FALSE
SET AUTOCOMMIT TRUE
SET AUTOCOMMIT FALSE
SET AUTOCOMMIT TRUE
SET AUTOCOMMIT FALSE
SET AUTOCOMMIT TRUE
/*C149*/SET SCHEMA PUBLIC
CONNECT USER SA
SET AUTOCOMMIT FALSE
SET AUTOCOMMIT TRUE
SET AUTOCOMMIT FALSE
SET AUTOCOMMIT TRUE
SET AUTOCOMMIT FALSE
SET AUTOCOMMIT TRUE
DISCONNECT
/*C148*/DISCONNECT
/*C150*/SET SCHEMA PUBLIC
CONNECT USER SA
SET AUTOCOMMIT FALSE
SET AUTOCOMMIT TRUE
SET AUTOCOMMIT FALSE
SET AUTOCOMMIT TRUE
DISCONNECT
/*C151*/SET SCHEMA PUBLIC
CONNECT USER SA
SET AUTOCOMMIT FALSE
SET AUTOCOMMIT TRUE
/*C152*/SET SCHEMA PUBLIC
CONNECT USER SA
SET AUTOCOMMIT FALSE
SET AUTOCOMMIT TRUE
SET AUTOCOMMIT FALSE
SET AUTOCOMMIT TRUE
/*C151*/SET AUTOCOMMIT FALSE
SET AUTOCOMMIT TRUE
/*C153*/SET SCHEMA PUBLIC
CONNECT USER SA
SET AUTOCOMMIT FALSE
SET AUTOCOMMIT TRUE
/*C151*/SET AUTOCOMMIT FALSE
SET AUTOCOMMIT TRUE
DISCONNECT
/*C153*/DISCONNECT
/*C152*/DISCONNECT
/*C154*/SET SCHEMA PUBLIC
CONNECT USER SA
SET AUTOCOMMIT FALSE
SET AUTOCOMMIT TRUE
SET AUTOCOMMIT FALSE
SET AUTOCOMMIT TRUE
DISCONNECT
/*C155*/SET SCHEMA PUBLIC
CONNECT USER SA
SET AUTOCOMMIT FALSE
SET AUTOCOMMIT TRUE
SET AUTOCOMMIT FALSE
SET AUTOCOMMIT TRUE
SET AUTOCOMMIT FALSE
SET AUTOCOMMIT TRUE
SET AUTOCOMMIT FALSE
SET AUTOCOMMIT TRUE
SET AUTOCOMMIT FALSE
/*C156*/SET SCHEMA PUBLIC
CONNECT USER SA
/*C155*/SET AUTOCOMMIT TRUE
SET AUTOCOMMIT FALSE
SET AUTOCOMMIT TRUE
DISCONNECT
/*C156*/DISCONNECT
/*C157*/SET SCHEMA PUBLIC
CONNECT USER SA
SET AUTOCOMMIT FALSE
SET AUTOCOMMIT TRUE
SET AUTOCOMMIT FALSE
SET AUTOCOMMIT TRUE
DISCONNECT
/*C158*/SET SCHEMA PUBLIC
CONNECT USER SA
SET AUTOCOMMIT FALSE
SET AUTOCOMMIT TRUE
SET AUTOCOMMIT FALSE
SET AUTOCOMMIT TRUE
SET AUTOCOMMIT FALSE
SET AUTOCOMMIT TRUE
SET AUTOCOMMIT FALSE
SET AUTOCOMMIT TRUE
SET AUTOCOMMIT FALSE
SET AUTOCOMMIT TRUE
SET AUTOCOMMIT FALSE
SET AUTOCOMMIT TRUE
DISCONNECT
/*C159*/SET SCHEMA PUBLIC
CONNECT USER SA
SET AUTOCOMMIT FALSE
SET AUTOCOMMIT TRUE
/*C160*/SET SCHEMA PUBLIC
CONNECT USER SA
SET AUTOCOMMIT FALSE
SET AUTOCOMMIT TRUE
DISCONNECT
/*C159*/DISCONNECT
/*C161*/SET SCHEMA PUBLIC
CONNECT USER SA
SET AUTOCOMMIT FALSE
SET AUTOCOMMIT TRUE
SET AUTOCOMMIT FALSE
SET AUTOCOMMIT TRUE
/*C162*/SET SCHEMA PUBLIC
CONNECT USER SA
/*C161*/SET AUTOCOMMIT FALSE
SET AUTOCOMMIT TRUE
SET AUTOCOMMIT FALSE
SET AUTOCOMMIT TRUE
SET AUTOCOMMIT FALSE
SET AUTOCOMMIT TRUE
/*C162*/SET AUTOCOMMIT FALSE
SET AUTOCOMMIT TRUE
DISCONNECT
/*C161*/DISCONNECT
/*C163*/SET SCHEMA PUBLIC
CONNECT USER SA
SET AUTOCOMMIT FALSE
SET AUTOCOMMIT TRUE
SET AUTOCOMMIT FALSE
SET AUTOCOMMIT TRUE
DISCONNECT
/*C164*/SET SCHEMA PUBLIC
CONNECT USER SA
/*C165*/SET SCHEMA PUBLIC
CONNECT USER SA
SET AUTOCOMMIT FALSE
SET AUTOCOMMIT TRUE
/*C164*/SET AUTOCOMMIT FALSE
SET AUTOCOMMIT TRUE
/*C165*/SET AUTOCOMMIT FALSE
SET AUTOCOMMIT TRUE
/*C166*/SET SCHEMA PUBLIC
CONNECT USER SA
/*C167*/SET SCHEMA PUBLIC
CONNECT USER SA
/*C165*/SET AUTOCOMMIT FALSE
SET AUTOCOMMIT TRUE
SET AUTOCOMMIT FALSE
/*C166*/SET AUTOCOMMIT FALSE
/*C165*/SET AUTOCOMMIT TRUE
/*C166*/SET AUTOCOMMIT TRUE
/*C165*/DISCONNECT
/*C166*/DISCONNECT
/*C164*/DISCONNECT
/*C167*/DISCONNECT
/*C168*/SET SCHEMA PUBLIC
CONNECT USER SA
SET AUTOCOMMIT FALSE
SET AUTOCOMMIT TRUE
/*C169*/SET SCHEMA PUBLIC
CONNECT USER SA
SET AUTOCOMMIT FALSE
SET AUTOCOMMIT TRUE
DISCONNECT
/*C168*/DISCONNECT
/*C170*/SET SCHEMA PUBLIC
CONNECT USER SA
/*C171*/SET SCHEMA PUBLIC
CONNECT USER SA
/*C170*/SET AUTOCOMMIT FALSE
SET AUTOCOMMIT TRUE
/*C172*/SET SCHEMA PUBLIC
CONNECT USER SA
/*C170*/SET AUTOCOMMIT FALSE
SET AUTOCOMMIT TRUE
/*C172*/SET AUTOCOMMIT FALSE
SET AUTOCOMMIT TRUE
/*C171*/SET AUTOCOMMIT FALSE
SET AUTOCOMMIT TRUE
SET AUTOCOMMIT FALSE
SET AUTOCOMMIT TRUE
SET AUTOCOMMIT FALSE
SET AUTOCOMMIT TRUE
DISCONNECT
/*C172*/DISCONNECT
/*C170*/DISCONNECT
/*C173*/SET SCHEMA PUBLIC
CONNECT USER SA
SET AUTOCOMMIT FALSE
SET AUTOCOMMIT TRUE
SET AUTOCOMMIT FALSE
SET AUTOCOMMIT TRUE
DISCONNECT
/*C174*/SET SCHEMA PUBLIC
CONNECT USER SA
SET AUTOCOMMIT FALSE
SET AUTOCOMMIT TRUE
/*C175*/SET SCHEMA PUBLIC
CONNECT USER SA
/*C176*/SET SCHEMA PUBLIC
CONNECT USER SA
SET AUTOCOMMIT FALSE
SET AUTOCOMMIT TRUE
/*C174*/SET AUTOCOMMIT FALSE
SET AUTOCOMMIT TRUE
/*C175*/SET AUTOCOMMIT FALSE
/*C177*/SET SCHEMA PUBLIC
CONNECT USER SA
/*C175*/SET AUTOCOMMIT TRUE
SET AUTOCOMMIT FALSE
SET AUTOCOMMIT TRUE
/*C177*/SET AUTOCOMMIT FALSE
SET AUTOCOMMIT TRUE
DISCONNECT
/*C175*/DISCONNECT
/*C174*/DISCONNECT
/*C176*/DISCONNECT
/*C178*/SET SCHEMA PUBLIC
CONNECT USER SA
SET AUTOCOMMIT FALSE
SET AUTOCOMMIT TRUE
SET AUTOCOMMIT FALSE
SET AUTOCOMMIT TRUE
DISCONNECT
/*C179*/SET SCHEMA PUBLIC
CONNECT USER SA
SET AUTOCOMMIT FALSE
SET AUTOCOMMIT TRUE
SET AUTOCOMMIT FALSE
SET AUTOCOMMIT TRUE
/*C180*/SET SCHEMA PUBLIC
CONNECT USER SA
SET AUTOCOMMIT FALSE
SET AUTOCOMMIT TRUE
/*C179*/SET AUTOCOMMIT FALSE
SET AUTOCOMMIT TRUE
/*C181*/SET SCHEMA PUBLIC
CONNECT USER SA
SET AUTOCOMMIT FALSE
SET AUTOCOMMIT TRUE
SET AUTOCOMMIT FALSE
SET AUTOCOMMIT TRUE
DISCONNECT
/*C179*/DISCONNECT
/*C180*/DISCONNECT
/*C182*/SET SCHEMA PUBLIC
CONNECT USER SA
SET AUTOCOMMIT FALSE
SET AUTOCOMMIT TRUE
SET AUTOCOMMIT FALSE
SET AUTOCOMMIT TRUE
DISCONNECT
/*C183*/SET SCHEMA PUBLIC
CONNECT USER SA
/*C184*/SET SCHEMA PUBLIC
CONNECT USER SA
SET AUTOCOMMIT FALSE
SET AUTOCOMMIT TRUE
SET AUTOCOMMIT FALSE
SET AUTOCOMMIT TRUE
/*C183*/SET AUTOCOMMIT FALSE
SET AUTOCOMMIT TRUE
/*C184*/SET AUTOCOMMIT FALSE
SET AUTOCOMMIT TRUE
/*C185*/SET SCHEMA PUBLIC
CONNECT USER SA
SET AUTOCOMMIT FALSE
SET AUTOCOMMIT TRUE
/*C184*/SET AUTOCOMMIT FALSE
SET AUTOCOMMIT TRUE
DISCONNECT
/*C185*/DISCONNECT
/*C183*/DISCONNECT
/*C186*/SET SCHEMA PUBLIC
CONNECT USER SA
SET AUTOCOMMIT FALSE
SET AUTOCOMMIT TRUE
SET AUTOCOMMIT FALSE
SET AUTOCOMMIT TRUE
SET AUTOCOMMIT FALSE
SET AUTOCOMMIT TRUE
DISCONNECT
/*C187*/SET SCHEMA PUBLIC
CONNECT USER SA
SET AUTOCOMMIT FALSE
SET AUTOCOMMIT TRUE
/*C188*/SET SCHEMA PUBLIC
CONNECT USER SA
SET AUTOCOMMIT FALSE
SET AUTOCOMMIT TRUE
/*C187*/SET AUTOCOMMIT FALSE
SET AUTOCOMMIT TRUE
/*C189*/SET SCHEMA PUBLIC
CONNECT USER SA
/*C190*/SET SCHEMA PUBLIC
CONNECT USER SA
/*C187*/SET AUTOCOMMIT FALSE
SET AUTOCOMMIT TRUE
SET AUTOCOMMIT FALSE
SET AUTOCOMMIT TRUE
/*C190*/SET AUTOCOMMIT FALSE
SET AUTOCOMMIT TRUE
DISCONNECT
/*C187*/DISCONNECT
/*C188*/DISCONNECT
/*C189*/DISCONNECT
/*C191*/SET SCHEMA PUBLIC
CONNECT USER SA
SET AUTOCOMMIT FALSE
SET AUTOCOMMIT TRUE
SET AUTOCOMMIT FALSE
SET AUTOCOMMIT TRUE
SET AUTOCOMMIT FALSE
SET AUTOCOMMIT TRUE
DISCONNECT
/*C192*/SET SCHEMA PUBLIC
CONNECT USER SA
SET AUTOCOMMIT FALSE
SET AUTOCOMMIT TRUE
SET AUTOCOMMIT FALSE
SET AUTOCOMMIT TRUE
/*C193*/SET SCHEMA PUBLIC
CONNECT USER SA
/*C192*/SET AUTOCOMMIT FALSE
SET AUTOCOMMIT TRUE
SET AUTOCOMMIT FALSE
SET AUTOCOMMIT TRUE
/*C193*/SET AUTOCOMMIT FALSE
SET AUTOCOMMIT TRUE
/*C192*/SET AUTOCOMMIT FALSE
SET AUTOCOMMIT TRUE
SET AUTOCOMMIT FALSE
SET AUTOCOMMIT TRUE
/*C193*/DISCONNECT
/*C192*/DISCONNECT
/*C194*/SET SCHEMA PUBLIC
CONNECT USER SA
SET AUTOCOMMIT FALSE
SET AUTOCOMMIT TRUE
SET AUTOCOMMIT FALSE
SET AUTOCOMMIT TRUE
DISCONNECT
/*C195*/SET SCHEMA PUBLIC
CONNECT USER SA
SET AUTOCOMMIT FALSE
SET AUTOCOMMIT TRUE
SET AUTOCOMMIT FALSE
SET AUTOCOMMIT TRUE
/*C196*/SET SCHEMA PUBLIC
CONNECT USER SA
SET AUTOCOMMIT FALSE
SET AUTOCOMMIT TRUE
SET AUTOCOMMIT FALSE
SET AUTOCOMMIT TRUE
/*C195*/SET AUTOCOMMIT FALSE
SET AUTOCOMMIT TRUE
/*C196*/SET AUTOCOMMIT FALSE
SET AUTOCOMMIT TRUE
DISCONNECT
/*C195*/DISCONNECT
/*C197*/SET SCHEMA PUBLIC
CONNECT USER SA
SET AUTOCOMMIT FALSE
SET AUTOCOMMIT TRUE
SET AUTOCOMMIT FALSE
SET AUTOCOMMIT TRUE
DISCONNECT
/*C198*/SET SCHEMA PUBLIC
CONNECT USER SA
SET AUTOCOMMIT FALSE
SET AUTOCOMMIT TRUE
SET AUTOCOMMIT FALSE
SET AUTOCOMMIT TRUE
SET AUTOCOMMIT FALSE
SET AUTOCOMMIT TRUE
SET AUTOCOMMIT FALSE
SET AUTOCOMMIT TRUE
/*C199*/SET SCHEMA PUBLIC
CONNECT USER SA
/*C198*/SET AUTOCOMMIT FALSE
SET AUTOCOMMIT TRUE
SET AUTOCOMMIT FALSE
SET AUTOCOMMIT TRUE
DISCONNECT
/*C199*/DISCONNECT
/*C200*/SET SCHEMA PUBLIC
CONNECT USER SA
SET AUTOCOMMIT FALSE
SET AUTOCOMMIT TRUE
/*C201*/SET SCHEMA PUBLIC
CONNECT USER SA
SET AUTOCOMMIT FALSE
SET AUTOCOMMIT TRUE
DISCONNECT
/*C200*/DISCONNECT
/*C202*/SET SCHEMA PUBLIC
CONNECT USER SA
SET AUTOCOMMIT FALSE
SET AUTOCOMMIT TRUE
SET AUTOCOMMIT FALSE
SET AUTOCOMMIT TRUE
SET AUTOCOMMIT FALSE
SET AUTOCOMMIT TRUE
SET AUTOCOMMIT FALSE
SET AUTOCOMMIT TRUE
SET AUTOCOMMIT FALSE
SET AUTOCOMMIT TRUE
SET AUTOCOMMIT FALSE
/*C203*/SET SCHEMA PUBLIC
CONNECT USER SA
/*C202*/SET AUTOCOMMIT TRUE
DISCONNECT
/*C203*/DISCONNECT
/*C204*/SET SCHEMA PUBLIC
CONNECT USER SA
SET AUTOCOMMIT FALSE
SET AUTOCOMMIT TRUE
/*C205*/SET SCHEMA PUBLIC
CONNECT USER SA
SET AUTOCOMMIT FALSE
SET AUTOCOMMIT TRUE
DISCONNECT
/*C204*/DISCONNECT
/*C206*/SET SCHEMA PUBLIC
CONNECT USER SA
SET AUTOCOMMIT FALSE
SET AUTOCOMMIT TRUE
SET AUTOCOMMIT FALSE
SET AUTOCOMMIT TRUE
SET AUTOCOMMIT FALSE
SET AUTOCOMMIT TRUE
/*C207*/SET SCHEMA PUBLIC
CONNECT USER SA
SET AUTOCOMMIT FALSE
SET AUTOCOMMIT TRUE
SET AUTOCOMMIT FALSE
SET AUTOCOMMIT TRUE
SET AUTOCOMMIT FALSE
SET AUTOCOMMIT TRUE
DISCONNECT
/*C206*/DISCONNECT
/*C208*/SET SCHEMA PUBLIC
CONNECT USER SA
SET AUTOCOMMIT FALSE
SET AUTOCOMMIT TRUE
SET AUTOCOMMIT FALSE
SET AUTOCOMMIT TRUE
DISCONNECT
/*C209*/SET SCHEMA PUBLIC
CONNECT USER SA
SET AUTOCOMMIT FALSE
SET AUTOCOMMIT TRUE
SET AUTOCOMMIT FALSE
SET AUTOCOMMIT TRUE
SET AUTOCOMMIT FALSE
SET AUTOCOMMIT TRUE
SET AUTOCOMMIT FALSE
SET AUTOCOMMIT TRUE
SET AUTOCOMMIT FALSE
SET AUTOCOMMIT TRUE
SET AUTOCOMMIT FALSE
SET AUTOCOMMIT TRUE
/*C210*/SET SCHEMA PUBLIC
CONNECT USER SA
DISCONNECT
/*C209*/DISCONNECT
/*C211*/SET SCHEMA PUBLIC
CONNECT USER SA
SET AUTOCOMMIT FALSE
SET AUTOCOMMIT TRUE
/*C212*/SET SCHEMA PUBLIC
CONNECT USER SA
SET AUTOCOMMIT FALSE
SET AUTOCOMMIT TRUE
DISCONNECT
/*C211*/DISCONNECT
/*C213*/SET SCHEMA PUBLIC
CONNECT USER SA
SET AUTOCOMMIT FALSE
SET AUTOCOMMIT TRUE
SET AUTOCOMMIT FALSE
SET AUTOCOMMIT TRUE
SET AUTOCOMMIT FALSE
SET AUTOCOMMIT TRUE
SET AUTOCOMMIT FALSE
SET AUTOCOMMIT TRUE
SET AUTOCOMMIT FALSE
SET AUTOCOMMIT TRUE
SET AUTOCOMMIT FALSE
SET AUTOCOMMIT TRUE
DISCONNECT
/*C214*/SET SCHEMA PUBLIC
CONNECT USER SA
SET AUTOCOMMIT FALSE
SET AUTOCOMMIT TRUE
SET AUTOCOMMIT FALSE
SET AUTOCOMMIT TRUE
DISCONNECT
/*C215*/SET SCHEMA PUBLIC
CONNECT USER SA
SET AUTOCOMMIT FALSE
SET AUTOCOMMIT TRUE
SET AUTOCOMMIT FALSE
SET AUTOCOMMIT TRUE
/*C216*/SET SCHEMA PUBLIC
CONNECT USER SA
/*C215*/SET AUTOCOMMIT FALSE
SET AUTOCOMMIT TRUE
/*C217*/SET SCHEMA PUBLIC
CONNECT USER SA
SET AUTOCOMMIT FALSE
SET AUTOCOMMIT TRUE
/*C216*/SET AUTOCOMMIT FALSE
SET AUTOCOMMIT TRUE
/*C215*/SET AUTOCOMMIT FALSE
SET AUTOCOMMIT TRUE
DISCONNECT
/*C216*/DISCONNECT
/*C217*/DISCONNECT
/*C218*/SET SCHEMA PUBLIC
CONNECT USER SA
SET AUTOCOMMIT FALSE
SET AUTOCOMMIT TRUE
SET AUTOCOMMIT FALSE
SET AUTOCOMMIT TRUE
DISCONNECT
/*C219*/SET SCHEMA PUBLIC
CONNECT USER SA
/*C220*/SET SCHEMA PUBLIC
CONNECT USER SA
SET AUTOCOMMIT FALSE
SET AUTOCOMMIT TRUE
/*C219*/SET AUTOCOMMIT FALSE
/*C221*/SET SCHEMA PUBLIC
CONNECT USER SA
/*C219*/SET AUTOCOMMIT TRUE
/*C220*/SET AUTOCOMMIT FALSE
SET AUTOCOMMIT TRUE
/*C222*/SET SCHEMA PUBLIC
CONNECT USER SA
/*C220*/SET AUTOCOMMIT FALSE
SET AUTOCOMMIT TRUE
SET AUTOCOMMIT FALSE
SET AUTOCOMMIT TRUE
/*C221*/SET AUTOCOMMIT FALSE
SET AUTOCOMMIT TRUE
DISCONNECT
/*C220*/DISCONNECT
/*C222*/DISCONNECT
/*C219*/DISCONNECT
/*C223*/SET SCHEMA PUBLIC
CONNECT USER SA
SET AUTOCOMMIT FALSE
SET AUTOCOMMIT TRUE
SET AUTOCOMMIT FALSE
SET AUTOCOMMIT TRUE
DISCONNECT
/*C224*/SET SCHEMA PUBLIC
CONNECT USER SA
/*C225*/SET SCHEMA PUBLIC
CONNECT USER SA
SET AUTOCOMMIT FALSE
SET AUTOCOMMIT TRUE
SET AUTOCOMMIT FALSE
SET AUTOCOMMIT TRUE
SET AUTOCOMMIT FALSE
SET AUTOCOMMIT TRUE
SET AUTOCOMMIT FALSE
SET AUTOCOMMIT TRUE
/*C224*/SET AUTOCOMMIT FALSE
SET AUTOCOMMIT TRUE
SET AUTOCOMMIT FALSE
SET AUTOCOMMIT TRUE
DISCONNECT
/*C225*/DISCONNECT
/*C226*/SET SCHEMA PUBLIC
CONNECT USER SA
SET AUTOCOMMIT FALSE
SET AUTOCOMMIT TRUE
SET AUTOCOMMIT FALSE
/*C227*/SET SCHEMA PUBLIC
CONNECT USER SA
/*C226*/SET AUTOCOMMIT TRUE
DISCONNECT
/*C227*/DISCONNECT
/*C228*/SET SCHEMA PUBLIC
CONNECT USER SA
SET AUTOCOMMIT FALSE
SET AUTOCOMMIT TRUE
SET AUTOCOMMIT FALSE
SET AUTOCOMMIT TRUE
/*C229*/SET SCHEMA PUBLIC
CONNECT USER SA
/*C228*/SET AUTOCOMMIT FALSE
/*C230*/SET SCHEMA PUBLIC
CONNECT USER SA
/*C228*/SET AUTOCOMMIT TRUE
SET AUTOCOMMIT FALSE
SET AUTOCOMMIT TRUE
/*C230*/SET AUTOCOMMIT FALSE
SET AUTOCOMMIT TRUE
SET AUTOCOMMIT FALSE
SET AUTOCOMMIT TRUE
DISCONNECT
/*C228*/DISCONNECT
/*C229*/DISCONNECT
/*C231*/SET SCHEMA PUBLIC
CONNECT USER SA
SET AUTOCOMMIT FALSE
SET AUTOCOMMIT TRUE
SET AUTOCOMMIT FALSE
/*C232*/SET SCHEMA PUBLIC
CONNECT USER SA
/*C233*/SET SCHEMA PUBLIC
CONNECT USER SA
/*C234*/SET SCHEMA PUBLIC
CONNECT USER SA
/*C232*/SET AUTOCOMMIT FALSE
/*C233*/SET AUTOCOMMIT FALSE
/*C234*/SET AUTOCOMMIT FALSE
SET AUTOCOMMIT TRUE
/*C233*/SET AUTOCOMMIT TRUE
/*C231*/SET AUTOCOMMIT TRUE
/*C232*/SET AUTOCOMMIT TRUE
SET AUTOCOMMIT FALSE
/*C231*/SET AUTOCOMMIT FALSE
/*C234*/SET AUTOCOMMIT FALSE
/*C233*/SET AUTOCOMMIT FALSE
/*C231*/SET AUTOCOMMIT TRUE
/*C234*/SET AUTOCOMMIT TRUE
/*C232*/SET AUTOCOMMIT TRUE
/*C233*/SET AUTOCOMMIT TRUE
SET AUTOCOMMIT FALSE
SET AUTOCOMMIT TRUE
SET AUTOCOMMIT FALSE
/*C232*/SET AUTOCOMMIT FALSE
/*C233*/SET AUTOCOMMIT TRUE
/*C232*/SET AUTOCOMMIT TRUE
SET AUTOCOMMIT FALSE
/*C233*/SET AUTOCOMMIT FALSE
/*C232*/SET AUTOCOMMIT TRUE
SET AUTOCOMMIT FALSE
/*C234*/SET AUTOCOMMIT FALSE
/*C232*/SET AUTOCOMMIT TRUE
/*C234*/SET AUTOCOMMIT TRUE
/*C233*/SET AUTOCOMMIT TRUE
SET AUTOCOMMIT FALSE
/*C234*/SET AUTOCOMMIT FALSE
/*C232*/SET AUTOCOMMIT FALSE
/*C231*/SET AUTOCOMMIT FALSE
/*C233*/SET AUTOCOMMIT TRUE
/*C231*/SET AUTOCOMMIT TRUE
/*C232*/SET AUTOCOMMIT TRUE
/*C234*/SET AUTOCOMMIT TRUE
SET AUTOCOMMIT FALSE
/*C232*/SET AUTOCOMMIT FALSE
/*C231*/SET AUTOCOMMIT FALSE
/*C233*/SET AUTOCOMMIT FALSE
/*C234*/SET AUTOCOMMIT TRUE
/*C231*/SET AUTOCOMMIT TRUE
/*C232*/SET AUTOCOMMIT TRUE
/*C233*/SET AUTOCOMMIT TRUE
SET AUTOCOMMIT FALSE
/*C232*/SET AUTOCOMMIT FALSE
SET AUTOCOMMIT TRUE
SET AUTOCOMMIT FALSE
/*C233*/SET AUTOCOMMIT TRUE
/*C231*/SET AUTOCOMMIT FALSE
/*C232*/SET AUTOCOMMIT TRUE
/*C231*/SET AUTOCOMMIT TRUE
SET AUTOCOMMIT FALSE
/*C232*/SET AUTOCOMMIT FALSE
/*C233*/SET AUTOCOMMIT FALSE
/*C231*/SET AUTOCOMMIT TRUE
SET AUTOCOMMIT FALSE
/*C234*/SET AUTOCOMMIT FALSE
SET AUTOCOMMIT TRUE
/*C231*/SET AUTOCOMMIT TRUE
/*C232*/SET AUTOCOMMIT TRUE
/*C233*/SET AUTOCOMMIT TRUE
SET AUTOCOMMIT FALSE
/*C232*/SET AUTOCOMMIT FALSE
SET AUTOCOMMIT TRUE
/*C233*/SET AUTOCOMMIT TRUE
SET AUTOCOMMIT FALSE
SET AUTOCOMMIT TRUE
SET AUTOCOMMIT FALSE
SET AUTOCOMMIT TRUE
SET AUTOCOMMIT FALSE
SET AUTOCOMMIT TRUE
SET AUTOCOMMIT FALSE
SET AUTOCOMMIT TRUE
SET AUTOCOMMIT FALSE
SET AUTOCOMMIT TRUE
SET AUTOCOMMIT FALSE
/*C232*/SET AUTOCOMMIT FALSE
/*C233*/SET AUTOCOMMIT TRUE
/*C232*/SET AUTOCOMMIT TRUE
/*C231*/SET AUTOCOMMIT FALSE
SET AUTOCOMMIT TRUE
SET AUTOCOMMIT FALSE
/*C232*/SET AUTOCOMMIT FALSE
/*C231*/SET AUTOCOMMIT TRUE
/*C233*/SET AUTOCOMMIT FALSE
SET AUTOCOMMIT TRUE
/*C232*/SET AUTOCOMMIT TRUE
SET AUTOCOMMIT FALSE
/*C233*/SET AUTOCOMMIT FALSE
/*C232*/SET AUTOCOMMIT TRUE
/*C233*/SET AUTOCOMMIT TRUE
SET AUTOCOMMIT FALSE
/*C232*/SET AUTOCOMMIT FALSE
/*C233*/SET AUTOCOMMIT TRUE
/*C232*/SET AUTOCOMMIT TRUE
SET AUTOCOMMIT FALSE
/*C233*/SET AUTOCOMMIT FALSE
/*C232*/SET AUTOCOMMIT TRUE
/*C233*/SET AUTOCOMMIT TRUE
SET AUTOCOMMIT FALSE
/*C232*/SET AUTOCOMMIT FALSE
/*C231*/SET AUTOCOMMIT FALSE
SET AUTOCOMMIT TRUE
/*C233*/SET AUTOCOMMIT TRUE
SET AUTOCOMMIT FALSE
SET AUTOCOMMIT TRUE
/*C232*/SET AUTOCOMMIT TRUE
SET AUTOCOMMIT FALSE
/*C233*/SET AUTOCOMMIT FALSE
SET AUTOCOMMIT TRUE
SET AUTOCOMMIT FALSE
SET AUTOCOMMIT TRUE
/*C231*/SET AUTOCOMMIT FALSE
SET AUTOCOMMIT TRUE
/*C232*/SET AUTOCOMMIT TRUE
SET AUTOCOMMIT FALSE
SET AUTOCOMMIT TRUE
SET AUTOCOMMIT FALSE
SET AUTOCOMMIT TRUE
SET AUTOCOMMIT FALSE
/*C231*/SET AUTOCOMMIT FALSE
/*C233*/SET AUTOCOMMIT FALSE
/*C234*/SET AUTOCOMMIT FALSE
/*C231*/SET AUTOCOMMIT TRUE
/*C232*/SET AUTOCOMMIT TRUE
/*C234*/SET AUTOCOMMIT TRUE
/*C233*/SET AUTOCOMMIT TRUE
SET AUTOCOMMIT FALSE
SET AUTOCOMMIT TRUE
SET AUTOCOMMIT FALSE
/*C234*/SET AUTOCOMMIT FALSE
/*C233*/SET AUTOCOMMIT TRUE
/*C234*/SET AUTOCOMMIT TRUE
SET AUTOCOMMIT FALSE
/*C233*/SET AUTOCOMMIT FALSE
/*C232*/SET AUTOCOMMIT FALSE
/*C234*/SET AUTOCOMMIT TRUE
SET AUTOCOMMIT FALSE
/*C232*/SET AUTOCOMMIT TRUE
/*C233*/SET AUTOCOMMIT TRUE
/*C234*/SET AUTOCOMMIT TRUE
SET AUTOCOMMIT FALSE
SET AUTOCOMMIT TRUE
/*C233*/SET AUTOCOMMIT FALSE
/*C232*/SET AUTOCOMMIT FALSE
/*C233*/SET AUTOCOMMIT TRUE
SET AUTOCOMMIT FALSE
/*C232*/SET AUTOCOMMIT TRUE
/*C233*/SET AUTOCOMMIT TRUE
SET AUTOCOMMIT FALSE
/*C232*/SET AUTOCOMMIT FALSE
/*C234*/SET AUTOCOMMIT FALSE
SET AUTOCOMMIT TRUE
/*C233*/SET AUTOCOMMIT TRUE
/*C232*/SET AUTOCOMMIT TRUE
SET AUTOCOMMIT FALSE
SET AUTOCOMMIT TRUE
SET AUTOCOMMIT FALSE
SET AUTOCOMMIT TRUE
SET AUTOCOMMIT FALSE
SET AUTOCOMMIT TRUE
SET AUTOCOMMIT FALSE
SET AUTOCOMMIT TRUE
SET AUTOCOMMIT FALSE
SET AUTOCOMMIT TRUE
SET AUTOCOMMIT FALSE
SET AUTOCOMMIT TRUE
SET AUTOCOMMIT FALSE
SET AUTOCOMMIT TRUE
/*C233*/SET AUTOCOMMIT FALSE
SET AUTOCOMMIT TRUE
SET AUTOCOMMIT FALSE
SET AUTOCOMMIT TRUE
SET AUTOCOMMIT FALSE
SET AUTOCOMMIT TRUE
SET AUTOCOMMIT FALSE
SET AUTOCOMMIT TRUE
SET AUTOCOMMIT FALSE
SET AUTOCOMMIT TRUE
SET AUTOCOMMIT FALSE
/*C232*/SET AUTOCOMMIT FALSE
SET AUTOCOMMIT TRUE
/*C234*/SET AUTOCOMMIT FALSE
SET AUTOCOMMIT TRUE
/*C233*/SET AUTOCOMMIT TRUE
SET AUTOCOMMIT FALSE
SET AUTOCOMMIT TRUE
/*C231*/DISCONNECT
/*C234*/DISCONNECT
/*C232*/DISCONNECT
/*C233*/DISCONNECT
/*C235*/SET SCHEMA PUBLIC
CONNECT USER SA
SET AUTOCOMMIT FALSE
DELETE FROM CAPABILITY WHERE CAPABILITY_ID=98315
INSERT INTO CAPABILITY VALUES(98315,'system.builder.mvn2.Mvn','/Developer/Java/apache-maven-2.2.1',65539)
COMMIT
SET AUTOCOMMIT TRUE
SET AUTOCOMMIT FALSE
SET AUTOCOMMIT TRUE
SET AUTOCOMMIT FALSE
/*C236*/SET SCHEMA PUBLIC
CONNECT USER SA
/*C237*/SET SCHEMA PUBLIC
CONNECT USER SA
/*C238*/SET SCHEMA PUBLIC
CONNECT USER SA
/*C236*/SET AUTOCOMMIT FALSE
/*C238*/SET AUTOCOMMIT FALSE
/*C237*/SET AUTOCOMMIT FALSE
SET AUTOCOMMIT TRUE
/*C238*/SET AUTOCOMMIT TRUE
/*C235*/SET AUTOCOMMIT TRUE
/*C236*/SET AUTOCOMMIT TRUE
SET AUTOCOMMIT FALSE
SET AUTOCOMMIT TRUE
SET AUTOCOMMIT FALSE
/*C235*/SET AUTOCOMMIT FALSE
/*C236*/SET AUTOCOMMIT TRUE
/*C235*/SET AUTOCOMMIT TRUE
SET AUTOCOMMIT FALSE
SET AUTOCOMMIT TRUE
SET AUTOCOMMIT FALSE
SET AUTOCOMMIT TRUE
/*C236*/SET AUTOCOMMIT FALSE
/*C238*/SET AUTOCOMMIT FALSE
SET AUTOCOMMIT TRUE
SET AUTOCOMMIT FALSE
SET AUTOCOMMIT TRUE
/*C236*/SET AUTOCOMMIT TRUE
SET AUTOCOMMIT FALSE
SET AUTOCOMMIT TRUE
/*C238*/SET AUTOCOMMIT FALSE
SET AUTOCOMMIT TRUE
/*C235*/SET AUTOCOMMIT FALSE
/*C237*/SET AUTOCOMMIT FALSE
/*C235*/SET AUTOCOMMIT TRUE
/*C237*/SET AUTOCOMMIT TRUE
SET AUTOCOMMIT FALSE
SET AUTOCOMMIT TRUE
SET AUTOCOMMIT FALSE
SET AUTOCOMMIT TRUE
SET AUTOCOMMIT FALSE
SET AUTOCOMMIT TRUE
SET AUTOCOMMIT FALSE
SET AUTOCOMMIT TRUE
SET AUTOCOMMIT FALSE
SET AUTOCOMMIT TRUE
SET AUTOCOMMIT FALSE
SET AUTOCOMMIT TRUE
SET AUTOCOMMIT FALSE
SET AUTOCOMMIT TRUE
SET AUTOCOMMIT FALSE
SET AUTOCOMMIT TRUE
SET AUTOCOMMIT FALSE
/*C235*/SET AUTOCOMMIT FALSE
/*C237*/SET AUTOCOMMIT TRUE
/*C238*/SET AUTOCOMMIT FALSE
SET AUTOCOMMIT TRUE
/*C235*/SET AUTOCOMMIT TRUE
SET AUTOCOMMIT FALSE
SET AUTOCOMMIT TRUE
SET AUTOCOMMIT FALSE
/*C237*/SET AUTOCOMMIT FALSE
/*C238*/SET AUTOCOMMIT FALSE
SET AUTOCOMMIT TRUE
/*C237*/SET AUTOCOMMIT TRUE
SET AUTOCOMMIT FALSE
/*C235*/SET AUTOCOMMIT TRUE
/*C237*/SET AUTOCOMMIT TRUE
SET AUTOCOMMIT FALSE
/*C235*/SET AUTOCOMMIT FALSE
/*C237*/SET AUTOCOMMIT TRUE
/*C238*/SET AUTOCOMMIT FALSE
SET AUTOCOMMIT TRUE
/*C236*/SET AUTOCOMMIT FALSE
SET AUTOCOMMIT TRUE
/*C235*/SET AUTOCOMMIT TRUE
SET AUTOCOMMIT FALSE
/*C236*/SET AUTOCOMMIT FALSE
SET AUTOCOMMIT TRUE
/*C238*/SET AUTOCOMMIT FALSE
SET AUTOCOMMIT TRUE
/*C237*/SET AUTOCOMMIT FALSE
SET AUTOCOMMIT TRUE
/*C235*/SET AUTOCOMMIT TRUE
SET AUTOCOMMIT FALSE
/*C237*/SET AUTOCOMMIT FALSE
/*C235*/SET AUTOCOMMIT TRUE
/*C238*/SET AUTOCOMMIT FALSE
SET AUTOCOMMIT TRUE
/*C237*/SET AUTOCOMMIT TRUE
SET AUTOCOMMIT FALSE
SET AUTOCOMMIT TRUE
SET AUTOCOMMIT FALSE
/*C238*/SET AUTOCOMMIT FALSE
/*C237*/SET AUTOCOMMIT TRUE
/*C238*/SET AUTOCOMMIT TRUE
/*C235*/SET AUTOCOMMIT FALSE
/*C236*/SET AUTOCOMMIT FALSE
SET AUTOCOMMIT TRUE
/*C235*/SET AUTOCOMMIT TRUE
SET AUTOCOMMIT FALSE
SET AUTOCOMMIT TRUE
SET AUTOCOMMIT FALSE
/*C236*/SET AUTOCOMMIT FALSE
/*C235*/SET AUTOCOMMIT TRUE
/*C236*/SET AUTOCOMMIT TRUE
SET AUTOCOMMIT FALSE
SET AUTOCOMMIT TRUE
SET AUTOCOMMIT FALSE
/*C235*/SET AUTOCOMMIT FALSE
/*C236*/SET AUTOCOMMIT TRUE
/*C235*/SET AUTOCOMMIT TRUE
SET AUTOCOMMIT FALSE
/*C236*/SET AUTOCOMMIT FALSE
/*C235*/SET AUTOCOMMIT TRUE
/*C236*/SET AUTOCOMMIT TRUE
SET AUTOCOMMIT FALSE
/*C235*/SET AUTOCOMMIT FALSE
SET AUTOCOMMIT TRUE
/*C236*/SET AUTOCOMMIT TRUE
/*C235*/SET AUTOCOMMIT FALSE
/*C236*/SET AUTOCOMMIT FALSE
/*C235*/SET AUTOCOMMIT TRUE
/*C236*/SET AUTOCOMMIT TRUE
SET AUTOCOMMIT FALSE
SET AUTOCOMMIT TRUE
SET AUTOCOMMIT FALSE
SET AUTOCOMMIT TRUE
SET AUTOCOMMIT FALSE
SET AUTOCOMMIT TRUE
SET AUTOCOMMIT FALSE
SET AUTOCOMMIT TRUE
SET AUTOCOMMIT FALSE
SET AUTOCOMMIT TRUE
SET AUTOCOMMIT FALSE
/*C235*/SET AUTOCOMMIT FALSE
/*C236*/SET AUTOCOMMIT TRUE
/*C235*/SET AUTOCOMMIT TRUE
SET AUTOCOMMIT FALSE
SET AUTOCOMMIT TRUE
SET AUTOCOMMIT FALSE
SET AUTOCOMMIT TRUE
SET AUTOCOMMIT FALSE
SET AUTOCOMMIT TRUE
SET AUTOCOMMIT FALSE
SET AUTOCOMMIT TRUE
SET AUTOCOMMIT FALSE
SET AUTOCOMMIT TRUE
SET AUTOCOMMIT FALSE
/*C236*/SET AUTOCOMMIT FALSE
/*C235*/SET AUTOCOMMIT TRUE
/*C236*/SET AUTOCOMMIT TRUE
SET AUTOCOMMIT FALSE
SET AUTOCOMMIT TRUE
SET AUTOCOMMIT FALSE
SET AUTOCOMMIT TRUE
SET AUTOCOMMIT FALSE
SET AUTOCOMMIT TRUE
SET AUTOCOMMIT FALSE
/*C235*/SET AUTOCOMMIT FALSE
/*C236*/SET AUTOCOMMIT TRUE
/*C235*/SET AUTOCOMMIT TRUE
SET AUTOCOMMIT FALSE
/*C236*/SET AUTOCOMMIT FALSE
SET AUTOCOMMIT TRUE
SET AUTOCOMMIT FALSE
/*C238*/SET AUTOCOMMIT FALSE
SET AUTOCOMMIT TRUE
/*C235*/SET AUTOCOMMIT TRUE
SET AUTOCOMMIT FALSE
SET AUTOCOMMIT TRUE
/*C238*/SET AUTOCOMMIT FALSE
SET AUTOCOMMIT TRUE
SET AUTOCOMMIT FALSE
SET AUTOCOMMIT TRUE
SET AUTOCOMMIT FALSE
SET AUTOCOMMIT TRUE
/*C235*/SET AUTOCOMMIT FALSE
SET AUTOCOMMIT TRUE
/*C236*/SET AUTOCOMMIT TRUE
SET AUTOCOMMIT FALSE
SET AUTOCOMMIT TRUE
SET AUTOCOMMIT FALSE
SET AUTOCOMMIT TRUE
SET AUTOCOMMIT FALSE
SET AUTOCOMMIT TRUE
SET AUTOCOMMIT FALSE
SET AUTOCOMMIT TRUE
SET AUTOCOMMIT FALSE
SET AUTOCOMMIT TRUE
SET AUTOCOMMIT FALSE
SET AUTOCOMMIT TRUE
/*C235*/SET AUTOCOMMIT FALSE
SET AUTOCOMMIT TRUE
/*C238*/SET AUTOCOMMIT FALSE
SET AUTOCOMMIT TRUE
SET AUTOCOMMIT FALSE
SET AUTOCOMMIT TRUE
SET AUTOCOMMIT FALSE
SET AUTOCOMMIT TRUE
SET AUTOCOMMIT FALSE
SET AUTOCOMMIT TRUE
SET AUTOCOMMIT FALSE
SET AUTOCOMMIT TRUE
/*C235*/SET AUTOCOMMIT FALSE
SET AUTOCOMMIT TRUE
SET AUTOCOMMIT FALSE
SET AUTOCOMMIT TRUE
/*C238*/SET AUTOCOMMIT FALSE
SET AUTOCOMMIT TRUE
SET AUTOCOMMIT FALSE
SET AUTOCOMMIT TRUE
SET AUTOCOMMIT FALSE
SET AUTOCOMMIT TRUE
/*C235*/SET AUTOCOMMIT FALSE
SET AUTOCOMMIT TRUE
SET AUTOCOMMIT FALSE
SET AUTOCOMMIT TRUE
SET AUTOCOMMIT FALSE
SET AUTOCOMMIT TRUE
SET AUTOCOMMIT FALSE
SET AUTOCOMMIT TRUE
/*C236*/DISCONNECT
/*C237*/DISCONNECT
/*C235*/SET AUTOCOMMIT FALSE
SET AUTOCOMMIT TRUE
SET AUTOCOMMIT FALSE
SET AUTOCOMMIT TRUE
/*C238*/DISCONNECT
/*C235*/SET AUTOCOMMIT FALSE
SET AUTOCOMMIT TRUE
SET AUTOCOMMIT FALSE
SET AUTOCOMMIT TRUE
SET AUTOCOMMIT FALSE
SET AUTOCOMMIT TRUE
SET AUTOCOMMIT FALSE
SET AUTOCOMMIT TRUE
SET AUTOCOMMIT FALSE
SET AUTOCOMMIT TRUE
SET AUTOCOMMIT FALSE
SET AUTOCOMMIT TRUE
SET AUTOCOMMIT FALSE
/*C239*/SET SCHEMA PUBLIC
CONNECT USER SA
/*C240*/SET SCHEMA PUBLIC
CONNECT USER SA
/*C235*/SET AUTOCOMMIT TRUE
SET AUTOCOMMIT FALSE
SET AUTOCOMMIT TRUE
SET AUTOCOMMIT FALSE
SET AUTOCOMMIT TRUE
/*C240*/SET AUTOCOMMIT FALSE
/*C239*/SET AUTOCOMMIT FALSE
SET AUTOCOMMIT TRUE
/*C240*/SET AUTOCOMMIT TRUE
SET AUTOCOMMIT FALSE
SET AUTOCOMMIT TRUE
SET AUTOCOMMIT FALSE
SET AUTOCOMMIT TRUE
/*C239*/DISCONNECT
/*C235*/DISCONNECT
/*C240*/SET AUTOCOMMIT FALSE
SET AUTOCOMMIT TRUE
SET AUTOCOMMIT FALSE
SET AUTOCOMMIT TRUE
SET AUTOCOMMIT FALSE
SET AUTOCOMMIT TRUE
SET AUTOCOMMIT FALSE
SET AUTOCOMMIT TRUE
SET AUTOCOMMIT FALSE
SET AUTOCOMMIT TRUE
SET AUTOCOMMIT FALSE
SET AUTOCOMMIT TRUE
SET AUTOCOMMIT FALSE
SET AUTOCOMMIT TRUE
SET AUTOCOMMIT FALSE
SET AUTOCOMMIT TRUE
SET AUTOCOMMIT FALSE
SET AUTOCOMMIT TRUE
/*C241*/SET SCHEMA PUBLIC
CONNECT USER SA
SET AUTOCOMMIT FALSE
SET AUTOCOMMIT TRUE
/*C240*/SET AUTOCOMMIT FALSE
SET AUTOCOMMIT TRUE
/*C242*/SET SCHEMA PUBLIC
CONNECT USER SA
SET AUTOCOMMIT FALSE
SET AUTOCOMMIT TRUE
SET AUTOCOMMIT FALSE
SET AUTOCOMMIT TRUE
/*C240*/DISCONNECT
/*C241*/DISCONNECT
/*C242*/DISCONNECT
/*C243*/SET SCHEMA PUBLIC
CONNECT USER SA
SET AUTOCOMMIT FALSE
SET AUTOCOMMIT TRUE
SET AUTOCOMMIT FALSE
SET AUTOCOMMIT TRUE
DISCONNECT
/*C244*/SET SCHEMA PUBLIC
CONNECT USER SA
SET AUTOCOMMIT FALSE
SET AUTOCOMMIT TRUE
SET AUTOCOMMIT FALSE
SET AUTOCOMMIT TRUE
SET AUTOCOMMIT FALSE
SET AUTOCOMMIT TRUE
/*C245*/SET SCHEMA PUBLIC
CONNECT USER SA
SET AUTOCOMMIT FALSE
/*C244*/SET AUTOCOMMIT FALSE
SET AUTOCOMMIT TRUE
/*C245*/SET AUTOCOMMIT TRUE
/*C246*/SET SCHEMA PUBLIC
CONNECT USER SA
SET AUTOCOMMIT FALSE
SET AUTOCOMMIT TRUE
DISCONNECT
/*C244*/DISCONNECT
/*C245*/DISCONNECT
/*C247*/SET SCHEMA PUBLIC
CONNECT USER SA
SET AUTOCOMMIT FALSE
SET AUTOCOMMIT TRUE
SET AUTOCOMMIT FALSE
SET AUTOCOMMIT TRUE
DISCONNECT
/*C248*/SET SCHEMA PUBLIC
CONNECT USER SA
SET AUTOCOMMIT FALSE
SET AUTOCOMMIT TRUE
SET AUTOCOMMIT FALSE
SET AUTOCOMMIT TRUE
/*C249*/SET SCHEMA PUBLIC
CONNECT USER SA
/*C248*/SET AUTOCOMMIT FALSE
SET AUTOCOMMIT TRUE
SET AUTOCOMMIT FALSE
SET AUTOCOMMIT TRUE
SET AUTOCOMMIT FALSE
SET AUTOCOMMIT TRUE
/*C249*/SET AUTOCOMMIT FALSE
SET AUTOCOMMIT TRUE
DISCONNECT
/*C248*/DISCONNECT
/*C250*/SET SCHEMA PUBLIC
CONNECT USER SA
SET AUTOCOMMIT FALSE
SET AUTOCOMMIT TRUE
SET AUTOCOMMIT FALSE
SET AUTOCOMMIT TRUE
